Logfile initialized
[INFO] logfile = /Users/joseph.whitaker/Documents/Titanium_Studio_Workspace/Burpee Calculator/build.log
[DEBUG] /Users/joseph.whitaker/Development/mobilesdk/osx/3.1.3.GA/android/builder.py install Burpee Calculator /Users/joseph.whitaker/Development/adt-bundle-mac-x86_64-20130522/sdk /Users/joseph.whitaker/Documents/Titanium_Studio_Workspace/Burpee Calculator com.whitaker.burpeeCalculator 4
[INFO] plugin=/Users/joseph.whitaker/Development/plugins/ti.alloy/1.0/plugin.py
[INFO] Detected compiler plugin: ti.alloy/1.0
[INFO] Titanium SDK version: 3.1.3 (09/18/13 12:00 222f4d1)
[DEBUG] Waiting for device to be ready ...
[TRACE] adb devices returned 1 devices/emulators
[DEBUG] Device connected... (waited 0 seconds)
[DEBUG] waited 3.273251 seconds on emulator to get ready
[INFO] Waiting for the Android Emulator to become available
[DEBUG] com.whitaker.burpeeCalculator installed? False
[INFO] Copying CommonJS modules...
[INFO] Copying project resources..
[INFO] Detected change in tiapp.xml, or assets deleted. Forcing full re-build...
[TRACE] COPYING CREATED FILE: /Users/joseph.whitaker/Documents/Titanium_Studio_Workspace/Burpee Calculator/Resources/alloy/backbone.js => /Users/joseph.whitaker/Documents/Titanium_Studio_Workspace/Burpee Calculator/build/android/bin/assets/Resources/alloy/backbone.js
[TRACE] COPYING CREATED FILE: /Users/joseph.whitaker/Documents/Titanium_Studio_Workspace/Burpee Calculator/Resources/alloy/constants.js => /Users/joseph.whitaker/Documents/Titanium_Studio_Workspace/Burpee Calculator/build/android/bin/assets/Resources/alloy/constants.js
[TRACE] COPYING CREATED FILE: /Users/joseph.whitaker/Documents/Titanium_Studio_Workspace/Burpee Calculator/Resources/alloy/controllers/BaseController.js => /Users/joseph.whitaker/Documents/Titanium_Studio_Workspace/Burpee Calculator/build/android/bin/assets/Resources/alloy/controllers/BaseController.js
[TRACE] COPYING CREATED FILE: /Users/joseph.whitaker/Documents/Titanium_Studio_Workspace/Burpee Calculator/Resources/alloy/controllers/index.js => /Users/joseph.whitaker/Documents/Titanium_Studio_Workspace/Burpee Calculator/build/android/bin/assets/Resources/alloy/controllers/index.js
[TRACE] COPYING CREATED FILE: /Users/joseph.whitaker/Documents/Titanium_Studio_Workspace/Burpee Calculator/Resources/alloy/styles/index.js => /Users/joseph.whitaker/Documents/Titanium_Studio_Workspace/Burpee Calculator/build/android/bin/assets/Resources/alloy/styles/index.js
[TRACE] COPYING CREATED FILE: /Users/joseph.whitaker/Documents/Titanium_Studio_Workspace/Burpee Calculator/Resources/alloy/sync/localStorage.js => /Users/joseph.whitaker/Documents/Titanium_Studio_Workspace/Burpee Calculator/build/android/bin/assets/Resources/alloy/sync/localStorage.js
[TRACE] COPYING CREATED FILE: /Users/joseph.whitaker/Documents/Titanium_Studio_Workspace/Burpee Calculator/Resources/alloy/sync/properties.js => /Users/joseph.whitaker/Documents/Titanium_Studio_Workspace/Burpee Calculator/build/android/bin/assets/Resources/alloy/sync/properties.js
[TRACE] COPYING CREATED FILE: /Users/joseph.whitaker/Documents/Titanium_Studio_Workspace/Burpee Calculator/Resources/alloy/sync/sql.js => /Users/joseph.whitaker/Documents/Titanium_Studio_Workspace/Burpee Calculator/build/android/bin/assets/Resources/alloy/sync/sql.js
[TRACE] COPYING CREATED FILE: /Users/joseph.whitaker/Documents/Titanium_Studio_Workspace/Burpee Calculator/Resources/alloy/sync/util.js => /Users/joseph.whitaker/Documents/Titanium_Studio_Workspace/Burpee Calculator/build/android/bin/assets/Resources/alloy/sync/util.js
[TRACE] COPYING CREATED FILE: /Users/joseph.whitaker/Documents/Titanium_Studio_Workspace/Burpee Calculator/Resources/alloy/underscore.js => /Users/joseph.whitaker/Documents/Titanium_Studio_Workspace/Burpee Calculator/build/android/bin/assets/Resources/alloy/underscore.js
[TRACE] COPYING CREATED FILE: /Users/joseph.whitaker/Documents/Titanium_Studio_Workspace/Burpee Calculator/Resources/alloy/widget.js => /Users/joseph.whitaker/Documents/Titanium_Studio_Workspace/Burpee Calculator/build/android/bin/assets/Resources/alloy/widget.js
[TRACE] COPYING CREATED FILE: /Users/joseph.whitaker/Documents/Titanium_Studio_Workspace/Burpee Calculator/Resources/alloy.js => /Users/joseph.whitaker/Documents/Titanium_Studio_Workspace/Burpee Calculator/build/android/bin/assets/Resources/alloy.js
[TRACE] COPYING CREATED FILE: /Users/joseph.whitaker/Documents/Titanium_Studio_Workspace/Burpee Calculator/Resources/android/alloy/CFG.js => /Users/joseph.whitaker/Documents/Titanium_Studio_Workspace/Burpee Calculator/build/android/bin/assets/Resources/alloy/CFG.js
[TRACE] COPYING CREATED FILE: /Users/joseph.whitaker/Documents/Titanium_Studio_Workspace/Burpee Calculator/Resources/android/appicon.png => /Users/joseph.whitaker/Documents/Titanium_Studio_Workspace/Burpee Calculator/build/android/bin/assets/Resources/appicon.png
[TRACE] COPYING CREATED FILE: /Users/joseph.whitaker/Documents/Titanium_Studio_Workspace/Burpee Calculator/Resources/android/default.png => /Users/joseph.whitaker/Documents/Titanium_Studio_Workspace/Burpee Calculator/build/android/bin/assets/Resources/default.png
[TRACE] COPYING CREATED FILE: /Users/joseph.whitaker/Documents/Titanium_Studio_Workspace/Burpee Calculator/Resources/app.js => /Users/joseph.whitaker/Documents/Titanium_Studio_Workspace/Burpee Calculator/build/android/bin/assets/Resources/app.js
[TRACE] COPYING CREATED FILE: /Users/joseph.whitaker/Documents/Titanium_Studio_Workspace/Burpee Calculator/Resources/KS_nav_ui.png => /Users/joseph.whitaker/Documents/Titanium_Studio_Workspace/Burpee Calculator/build/android/bin/assets/Resources/KS_nav_ui.png
[TRACE] COPYING CREATED FILE: /Users/joseph.whitaker/Documents/Titanium_Studio_Workspace/Burpee Calculator/Resources/KS_nav_views.png => /Users/joseph.whitaker/Documents/Titanium_Studio_Workspace/Burpee Calculator/build/android/bin/assets/Resources/KS_nav_views.png
[TRACE] COPYING CREATED FILE: /Users/joseph.whitaker/Documents/Titanium_Studio_Workspace/Burpee Calculator/Resources/tizen/appicon.png => /Users/joseph.whitaker/Documents/Titanium_Studio_Workspace/Burpee Calculator/build/android/bin/assets/Resources/tizen/appicon.png
[DEBUG] LiveView not enabled
[TRACE] Generating Java Classes
[DEBUG] Processing Android resource drawables
[DEBUG] app stylesheet => /Users/joseph.whitaker/Documents/Titanium_Studio_Workspace/Burpee Calculator/build/android/gen/com/whitaker/burpeeCalculator/ApplicationStylesheet.java
[DEBUG] copying app icon: /Users/joseph.whitaker/Documents/Titanium_Studio_Workspace/Burpee Calculator/build/android/bin/assets/Resources/appicon.png
[DEBUG] generating theme.xml
[DEBUG] found drawable-long-land-hdpi splash screen at /Users/joseph.whitaker/Documents/Titanium_Studio_Workspace/Burpee Calculator/Resources/android/images/res-long-land-hdpi/default.png
[DEBUG] copying /Users/joseph.whitaker/Documents/Titanium_Studio_Workspace/Burpee Calculator/Resources/android/images/res-long-land-hdpi/default.png splash screen to /Users/joseph.whitaker/Documents/Titanium_Studio_Workspace/Burpee Calculator/build/android/res/drawable-long-land-hdpi/background.png
[DEBUG] found drawable-long-land-ldpi splash screen at /Users/joseph.whitaker/Documents/Titanium_Studio_Workspace/Burpee Calculator/Resources/android/images/res-long-land-ldpi/default.png
[DEBUG] copying /Users/joseph.whitaker/Documents/Titanium_Studio_Workspace/Burpee Calculator/Resources/android/images/res-long-land-ldpi/default.png splash screen to /Users/joseph.whitaker/Documents/Titanium_Studio_Workspace/Burpee Calculator/build/android/res/drawable-long-land-ldpi/background.png
[DEBUG] found drawable-long-port-hdpi splash screen at /Users/joseph.whitaker/Documents/Titanium_Studio_Workspace/Burpee Calculator/Resources/android/images/res-long-port-hdpi/default.png
[DEBUG] copying /Users/joseph.whitaker/Documents/Titanium_Studio_Workspace/Burpee Calculator/Resources/android/images/res-long-port-hdpi/default.png splash screen to /Users/joseph.whitaker/Documents/Titanium_Studio_Workspace/Burpee Calculator/build/android/res/drawable-long-port-hdpi/background.png
[DEBUG] found drawable-long-port-ldpi splash screen at /Users/joseph.whitaker/Documents/Titanium_Studio_Workspace/Burpee Calculator/Resources/android/images/res-long-port-ldpi/default.png
[DEBUG] copying /Users/joseph.whitaker/Documents/Titanium_Studio_Workspace/Burpee Calculator/Resources/android/images/res-long-port-ldpi/default.png splash screen to /Users/joseph.whitaker/Documents/Titanium_Studio_Workspace/Burpee Calculator/build/android/res/drawable-long-port-ldpi/background.png
[DEBUG] found drawable-notlong-land-hdpi splash screen at /Users/joseph.whitaker/Documents/Titanium_Studio_Workspace/Burpee Calculator/Resources/android/images/res-notlong-land-hdpi/default.png
[DEBUG] copying /Users/joseph.whitaker/Documents/Titanium_Studio_Workspace/Burpee Calculator/Resources/android/images/res-notlong-land-hdpi/default.png splash screen to /Users/joseph.whitaker/Documents/Titanium_Studio_Workspace/Burpee Calculator/build/android/res/drawable-notlong-land-hdpi/background.png
[DEBUG] found drawable-notlong-land-ldpi splash screen at /Users/joseph.whitaker/Documents/Titanium_Studio_Workspace/Burpee Calculator/Resources/android/images/res-notlong-land-ldpi/default.png
[DEBUG] copying /Users/joseph.whitaker/Documents/Titanium_Studio_Workspace/Burpee Calculator/Resources/android/images/res-notlong-land-ldpi/default.png splash screen to /Users/joseph.whitaker/Documents/Titanium_Studio_Workspace/Burpee Calculator/build/android/res/drawable-notlong-land-ldpi/background.png
[DEBUG] found drawable-notlong-land-mdpi splash screen at /Users/joseph.whitaker/Documents/Titanium_Studio_Workspace/Burpee Calculator/Resources/android/images/res-notlong-land-mdpi/default.png
[DEBUG] copying /Users/joseph.whitaker/Documents/Titanium_Studio_Workspace/Burpee Calculator/Resources/android/images/res-notlong-land-mdpi/default.png splash screen to /Users/joseph.whitaker/Documents/Titanium_Studio_Workspace/Burpee Calculator/build/android/res/drawable-notlong-land-mdpi/background.png
[DEBUG] found drawable-notlong-port-hdpi splash screen at /Users/joseph.whitaker/Documents/Titanium_Studio_Workspace/Burpee Calculator/Resources/android/images/res-notlong-port-hdpi/default.png
[DEBUG] copying /Users/joseph.whitaker/Documents/Titanium_Studio_Workspace/Burpee Calculator/Resources/android/images/res-notlong-port-hdpi/default.png splash screen to /Users/joseph.whitaker/Documents/Titanium_Studio_Workspace/Burpee Calculator/build/android/res/drawable-notlong-port-hdpi/background.png
[DEBUG] found drawable-notlong-port-ldpi splash screen at /Users/joseph.whitaker/Documents/Titanium_Studio_Workspace/Burpee Calculator/Resources/android/images/res-notlong-port-ldpi/default.png
[DEBUG] copying /Users/joseph.whitaker/Documents/Titanium_Studio_Workspace/Burpee Calculator/Resources/android/images/res-notlong-port-ldpi/default.png splash screen to /Users/joseph.whitaker/Documents/Titanium_Studio_Workspace/Burpee Calculator/build/android/res/drawable-notlong-port-ldpi/background.png
[DEBUG] found drawable-notlong-port-mdpi splash screen at /Users/joseph.whitaker/Documents/Titanium_Studio_Workspace/Burpee Calculator/Resources/android/images/res-notlong-port-mdpi/default.png
[DEBUG] copying /Users/joseph.whitaker/Documents/Titanium_Studio_Workspace/Burpee Calculator/Resources/android/images/res-notlong-port-mdpi/default.png splash screen to /Users/joseph.whitaker/Documents/Titanium_Studio_Workspace/Burpee Calculator/build/android/res/drawable-notlong-port-mdpi/background.png
[DEBUG] found splash screen at /Users/joseph.whitaker/Documents/Titanium_Studio_Workspace/Burpee Calculator/build/android/bin/assets/Resources/default.png
[TRACE] Writing out AndroidManifest.xml
[DEBUG] adding /Users/joseph.whitaker/Documents/Titanium_Studio_Workspace/Burpee Calculator/build/android/gen/com/whitaker/burpeeCalculator/ApplicationStylesheet.java to javac build list
[DEBUG] adding /Users/joseph.whitaker/Documents/Titanium_Studio_Workspace/Burpee Calculator/build/android/gen/com/whitaker/burpeeCalculator/BurpeeCalculatorActivity.java to javac build list
[DEBUG] adding /Users/joseph.whitaker/Documents/Titanium_Studio_Workspace/Burpee Calculator/build/android/gen/com/whitaker/burpeeCalculator/BurpeeCalculatorAppInfo.java to javac build list
[DEBUG] adding /Users/joseph.whitaker/Documents/Titanium_Studio_Workspace/Burpee Calculator/build/android/gen/com/whitaker/burpeeCalculator/BurpeeCalculatorApplication.java to javac build list
[DEBUG] adding /Users/joseph.whitaker/Documents/Titanium_Studio_Workspace/Burpee Calculator/build/android/gen/com/whitaker/burpeeCalculator/R.java to javac build list
[DEBUG] Building Java Sources: "/Users/joseph.whitaker/Documents/Titanium_Studio_Workspace/Burpee Calculator/build/android/gen/com/whitaker/burpeeCalculator/ApplicationStylesheet.java" "/Users/joseph.whitaker/Documents/Titanium_Studio_Workspace/Burpee Calculator/build/android/gen/com/whitaker/burpeeCalculator/BurpeeCalculatorActivity.java" "/Users/joseph.whitaker/Documents/Titanium_Studio_Workspace/Burpee Calculator/build/android/gen/com/whitaker/burpeeCalculator/BurpeeCalculatorAppInfo.java" "/Users/joseph.whitaker/Documents/Titanium_Studio_Workspace/Burpee Calculator/build/android/gen/com/whitaker/burpeeCalculator/BurpeeCalculatorApplication.java" "/Users/joseph.whitaker/Documents/Titanium_Studio_Workspace/Burpee Calculator/build/android/gen/com/whitaker/burpeeCalculator/R.java"
[INFO] Compiling Android Resources... This could take some time
[DEBUG] Android classes.dex built
[DEBUG] creating unsigned apk: /Users/joseph.whitaker/Documents/Titanium_Studio_Workspace/Burpee Calculator/build/android/bin/app-unsigned.apk
[DEBUG] from resource zip => assets/Resources/alloy/controllers/BaseController.js
[DEBUG] from resource zip => assets/Resources/alloy/controllers/index.js
[DEBUG] from resource zip => assets/Resources/alloy/styles/index.js
[DEBUG] from resource zip => assets/Resources/alloy/sync/localStorage.js
[DEBUG] from resource zip => assets/Resources/alloy/sync/properties.js
[DEBUG] from resource zip => assets/Resources/alloy/sync/sql.js
[DEBUG] from resource zip => assets/Resources/alloy/sync/util.js
[DEBUG] from resource zip => assets/Resources/alloy/CFG.js
[DEBUG] from resource zip => assets/Resources/alloy/backbone.js
[DEBUG] from resource zip => assets/Resources/alloy/constants.js
[DEBUG] from resource zip => assets/Resources/alloy/underscore.js
[DEBUG] from resource zip => assets/Resources/alloy/widget.js
[DEBUG] from resource zip => assets/Resources/tizen/appicon.png
[DEBUG] from resource zip => assets/Resources/KS_nav_ui.png
[DEBUG] from resource zip => assets/Resources/KS_nav_views.png
[DEBUG] from resource zip => assets/Resources/alloy.js
[DEBUG] from resource zip => assets/Resources/app.js
[DEBUG] from resource zip => assets/Resources/appicon.png
[DEBUG] from resource zip => assets/Resources/default.png
[DEBUG] from resource zip => assets/app.json
[DEBUG] from resource zip => assets/index.json
[DEBUG] from resource zip => res/drawable/appicon.png
[DEBUG] from resource zip => res/drawable/background.png
[DEBUG] from resource zip => res/drawable/btn_check_buttonless_on_64.png
[DEBUG] from resource zip => res/drawable/btn_more_64.png
[DEBUG] from resource zip => res/drawable/disclosure_64.png
[DEBUG] from resource zip => res/layout/titanium_tabgroup.xml
[DEBUG] from resource zip => res/layout/titanium_ui_list_header_or_footer.xml
[DEBUG] from resource zip => res/layout/titanium_ui_list_item.xml
[DEBUG] from resource zip => AndroidManifest.xml
[DEBUG] from resource zip => resources.arsc
[DEBUG] from resource zip => res/drawable-long-land-hdpi/background.png
[DEBUG] from resource zip => res/drawable-long-land-ldpi/background.png
[DEBUG] from resource zip => res/drawable-long-port-hdpi/background.png
[DEBUG] from resource zip => res/drawable-long-port-ldpi/background.png
[DEBUG] from resource zip => res/drawable-notlong-land-hdpi/background.png
[DEBUG] from resource zip => res/drawable-notlong-land-ldpi/background.png
[DEBUG] from resource zip => res/drawable-notlong-land-mdpi/background.png
[DEBUG] from resource zip => res/drawable-notlong-port-hdpi/background.png
[DEBUG] from resource zip => res/drawable-notlong-port-ldpi/background.png
[DEBUG] from resource zip => res/drawable-notlong-port-mdpi/background.png
[DEBUG] from JAR /Users/joseph.whitaker/Development/mobilesdk/osx/3.1.3.GA/android/modules/titanium-ui.jar => ti/modules/titanium/ui/widget/webview/binding.js
[DEBUG] from JAR /Users/joseph.whitaker/Development/mobilesdk/osx/3.1.3.GA/android/modules/titanium-ui.jar => ti/modules/titanium/ui/widget/webview/binding.min.js
[DEBUG] from JAR /Users/joseph.whitaker/Development/mobilesdk/osx/3.1.3.GA/android/modules/titanium-ui.jar => ti/modules/titanium/ui/widget/webview/json2.js
[DEBUG] from JAR /Users/joseph.whitaker/Development/mobilesdk/osx/3.1.3.GA/android/modules/titanium-ui.jar => ti/modules/titanium/ui/widget/webview/polling.js
[DEBUG] from JAR /Users/joseph.whitaker/Development/mobilesdk/osx/3.1.3.GA/android/modules/titanium-ui.jar => ti/modules/titanium/ui/widget/webview/polling.min.js
[DEBUG] from JAR /Users/joseph.whitaker/Development/mobilesdk/osx/3.1.3.GA/android/titanium.jar => org/appcelerator/titanium/build.properties
[DEBUG] from JAR /Users/joseph.whitaker/Development/mobilesdk/osx/3.1.3.GA/android/titanium.jar => org/appcelerator/titanium/res/drawable/background.png
[DEBUG] from JAR /Users/joseph.whitaker/Development/mobilesdk/osx/3.1.3.GA/android/titanium.jar => org/appcelerator/titanium/res/drawable/btn_check_buttonless_on.png
[DEBUG] from JAR /Users/joseph.whitaker/Development/mobilesdk/osx/3.1.3.GA/android/titanium.jar => org/appcelerator/titanium/res/drawable/btn_check_buttonless_on_18.png
[DEBUG] from JAR /Users/joseph.whitaker/Development/mobilesdk/osx/3.1.3.GA/android/titanium.jar => org/appcelerator/titanium/res/drawable/btn_check_buttonless_on_48.png
[DEBUG] from JAR /Users/joseph.whitaker/Development/mobilesdk/osx/3.1.3.GA/android/titanium.jar => org/appcelerator/titanium/res/drawable/btn_check_buttonless_on_64.png
[DEBUG] from JAR /Users/joseph.whitaker/Development/mobilesdk/osx/3.1.3.GA/android/titanium.jar => org/appcelerator/titanium/res/drawable/btn_more.png
[DEBUG] from JAR /Users/joseph.whitaker/Development/mobilesdk/osx/3.1.3.GA/android/titanium.jar => org/appcelerator/titanium/res/drawable/btn_more_18.png
[DEBUG] from JAR /Users/joseph.whitaker/Development/mobilesdk/osx/3.1.3.GA/android/titanium.jar => org/appcelerator/titanium/res/drawable/btn_more_48.png
[DEBUG] from JAR /Users/joseph.whitaker/Development/mobilesdk/osx/3.1.3.GA/android/titanium.jar => org/appcelerator/titanium/res/drawable/btn_more_64.png
[DEBUG] from JAR /Users/joseph.whitaker/Development/mobilesdk/osx/3.1.3.GA/android/titanium.jar => org/appcelerator/titanium/res/drawable/btn_picker_normal.9.png
[DEBUG] from JAR /Users/joseph.whitaker/Development/mobilesdk/osx/3.1.3.GA/android/titanium.jar => org/appcelerator/titanium/res/drawable/btn_picker_pressed.9.png
[DEBUG] from JAR /Users/joseph.whitaker/Development/mobilesdk/osx/3.1.3.GA/android/titanium.jar => org/appcelerator/titanium/res/drawable/btn_picker_selected.9.png
[DEBUG] from JAR /Users/joseph.whitaker/Development/mobilesdk/osx/3.1.3.GA/android/titanium.jar => org/appcelerator/titanium/res/drawable/default_icon.png
[DEBUG] from JAR /Users/joseph.whitaker/Development/mobilesdk/osx/3.1.3.GA/android/titanium.jar => org/appcelerator/titanium/res/drawable/photoDefault.png
[DEBUG] installing native SDK libs
[DEBUG] Waiting for device to be ready ...
[TRACE] adb devices returned 1 devices/emulators
[DEBUG] Device connected... (waited 0 seconds)
[DEBUG] waited 0.019158 seconds on emulator to get ready
[INFO] Installing application on device
[INFO] Application installed. Launch from drawer on Home Screen
